Configuring monad-logger-0.3.23...
Building monad-logger-0.3.23...
Preprocessing library monad-logger-0.3.23...
[1 of 2] Compiling Control.Monad.Logger ( Control/Monad/Logger.hs, .stack-work/dist/x86_64-linux-ncurses6/Cabal-1.24.2.0/build/Control/Monad/Logger.o )

Control/Monad/Logger.hs:128:1: warning: [-Wdeprecations]
    Module ‘Control.Monad.Trans.Error’ is deprecated:
      Use Control.Monad.Trans.Except instead

Control/Monad/Logger.hs:237:26: warning: [-Wdeprecations]
    In the use of type constructor or class ‘Error’
    (imported from Control.Monad.Trans.Error):
    Deprecated: "Use Control.Monad.Trans.Except instead"

Control/Monad/Logger.hs:237:51: warning: [-Wdeprecations]
    In the use of type constructor or class ‘ErrorT’
    (imported from Control.Monad.Trans.Error):
    Deprecated: "Use Control.Monad.Trans.Except instead"

Control/Monad/Logger.hs:255:28: warning: [-Wdeprecations]
    In the use of type constructor or class ‘Error’
    (imported from Control.Monad.Trans.Error):
    Deprecated: "Use Control.Monad.Trans.Except instead"

Control/Monad/Logger.hs:255:55: warning: [-Wdeprecations]
    In the use of type constructor or class ‘ErrorT’
    (imported from Control.Monad.Trans.Error):
    Deprecated: "Use Control.Monad.Trans.Except instead"
[2 of 2] Compiling Control.Monad.Logger.CallStack ( Control/Monad/Logger/CallStack.hs, .stack-work/dist/x86_64-linux-ncurses6/Cabal-1.24.2.0/build/Control/Monad/Logger/CallStack.o )
Installing library in
/home/lykrysh/.stack/snapshots/x86_64-linux-ncurses6/lts-8.13/8.0.2/lib/x86_64-linux-ghc-8.0.2/monad-logger-0.3.23-2WuNY805Hqh3HK33AAdXhL
Registering monad-logger-0.3.23...
